  Graphics.cpp
C:\SPRING2023\NewAssessments\Project\SIMON\Graphics.cpp(45,57): warning C4244: 'argument': conversion from 'float' to 'Uint8', possible loss of data
C:\SPRING2023\NewAssessments\Project\SIMON\Graphics.cpp(45,46): warning C4244: 'argument': conversion from 'float' to 'Uint8', possible loss of data
C:\SPRING2023\NewAssessments\Project\SIMON\Graphics.cpp(45,36): warning C4244: 'argument': conversion from 'float' to 'Uint8', possible loss of data
C:\SPRING2023\NewAssessments\Project\SIMON\Graphics.cpp(74,31): warning C4244: '=': conversion from 'float' to 'int', possible loss of data
C:\SPRING2023\NewAssessments\Project\SIMON\Graphics.cpp(75,31): warning C4244: '=': conversion from 'float' to 'int', possible loss of data
C:\SPRING2023\NewAssessments\Project\SIMON\Graphics.cpp(76,23): warning C4244: '=': conversion from 'float' to 'int', possible loss of data
C:\SPRING2023\NewAssessments\Project\SIMON\Graphics.cpp(77,23): warning C4244: '=': conversion from 'float' to 'int', possible loss of data
C:\SPRING2023\NewAssessments\Project\SIMON\Graphics.cpp(97,31): warning C4244: '=': conversion from 'float' to 'int', possible loss of data
C:\SPRING2023\NewAssessments\Project\SIMON\Graphics.cpp(98,31): warning C4244: '=': conversion from 'float' to 'int', possible loss of data
C:\SPRING2023\NewAssessments\Project\SIMON\Graphics.cpp(99,23): warning C4244: '=': conversion from 'float' to 'int', possible loss of data
C:\SPRING2023\NewAssessments\Project\SIMON\Graphics.cpp(100,23): warning C4244: '=': conversion from 'float' to 'int', possible loss of data
C:\SPRING2023\NewAssessments\Project\SIMON\Graphics.cpp(102,99): warning C4244: 'argument': conversion from 'float' to 'int', possible loss of data
C:\SPRING2023\NewAssessments\Project\SIMON\Graphics.cpp(102,85): warning C4244: 'argument': conversion from 'float' to 'int', possible loss of data
C:\SPRING2023\NewAssessments\Project\SIMON\Graphics.cpp(102,71): warning C4244: 'argument': conversion from 'float' to 'int', possible loss of data
C:\SPRING2023\NewAssessments\Project\SIMON\Graphics.cpp(102,49): warning C4244: 'argument': conversion from 'float' to 'int', possible loss of data
C:\SPRING2023\NewAssessments\Project\SIMON\Graphics.cpp(125,19): warning C4244: '=': conversion from 'float' to 'int', possible loss of data
C:\SPRING2023\NewAssessments\Project\SIMON\Graphics.cpp(126,19): warning C4244: '=': conversion from 'float' to 'int', possible loss of data
C:\SPRING2023\NewAssessments\Project\SIMON\Graphics.cpp(140,31): warning C4838: conversion from 'float' to 'Uint8' requires a narrowing conversion
C:\SPRING2023\NewAssessments\Project\SIMON\Graphics.cpp(140,31): warning C4244: 'initializing': conversion from 'float' to 'Uint8', possible loss of data
C:\SPRING2023\NewAssessments\Project\SIMON\Graphics.cpp(140,50): warning C4838: conversion from 'float' to 'Uint8' requires a narrowing conversion
C:\SPRING2023\NewAssessments\Project\SIMON\Graphics.cpp(140,50): warning C4244: 'initializing': conversion from 'float' to 'Uint8', possible loss of data
C:\SPRING2023\NewAssessments\Project\SIMON\Graphics.cpp(140,70): warning C4838: conversion from 'float' to 'Uint8' requires a narrowing conversion
C:\SPRING2023\NewAssessments\Project\SIMON\Graphics.cpp(140,70): warning C4244: 'initializing': conversion from 'float' to 'Uint8', possible loss of data
C:\SPRING2023\NewAssessments\Project\SIMON\Graphics.cpp(147,19): warning C4244: '=': conversion from 'float' to 'int', possible loss of data
C:\SPRING2023\NewAssessments\Project\SIMON\Graphics.cpp(148,19): warning C4244: '=': conversion from 'float' to 'int', possible loss of data
  sandbox.cpp
  EventHandler.cpp
  main.cpp
C:\SPRING2023\NewAssessments\Project\SIMON\Source\main.cpp(18,12): warning C4244: 'argument': conversion from 'time_t' to 'unsigned int', possible loss of data
  ColourBlock.cpp
C:\SPRING2023\NewAssessments\Project\SIMON\Source\Objects\ColourBlock.cpp(32,17): warning C4244: '=': conversion from 'int' to 'float', possible loss of data
C:\SPRING2023\NewAssessments\Project\SIMON\Source\Objects\ColourBlock.cpp(33,17): warning C4244: '=': conversion from 'int' to 'float', possible loss of data
  Generating Code...
Graphics.obj : error LNK2019: unresolved external symbol SDL_FreeSurface referenced in function "public: static void __cdecl Graphics::DrawText(char const *,float,float,int,int)" (?DrawText@Graphics@@SAXPEBDMMHH@Z)
Graphics.obj : error LNK2019: unresolved external symbol SDL_CreateWindow referenced in function "public: static bool __cdecl Graphics::Init(void)" (?Init@Graphics@@SA_NXZ)
Graphics.obj : error LNK2019: unresolved external symbol SDL_CreateRenderer referenced in function "public: static bool __cdecl Graphics::Init(void)" (?Init@Graphics@@SA_NXZ)
Graphics.obj : error LNK2019: unresolved external symbol SDL_CreateTextureFromSurface referenced in function "public: static void __cdecl Graphics::DrawText(char const *,float,float,int,int)" (?DrawText@Graphics@@SAXPEBDMMHH@Z)
Graphics.obj : error LNK2019: unresolved external symbol SDL_SetRenderDrawColor referenced in function "public: static void __cdecl Graphics::SetColor(int,int,int)" (?SetColor@Graphics@@SAXHHH@Z)
Graphics.obj : error LNK2019: unresolved external symbol SDL_RenderClear referenced in function "public: static void __cdecl Graphics::StartRender(void)" (?StartRender@Graphics@@SAXXZ)
Graphics.obj : error LNK2019: unresolved external symbol SDL_RenderDrawLine referenced in function "public: static void __cdecl Graphics::DrawLine(int,int,int,int)" (?DrawLine@Graphics@@SAXHHHH@Z)
Graphics.obj : error LNK2019: unresolved external symbol SDL_RenderDrawRect referenced in function "public: static void __cdecl Graphics::DrawRect(int,int,int,int,bool)" (?DrawRect@Graphics@@SAXHHHH_N@Z)
Graphics.obj : error LNK2019: unresolved external symbol SDL_RenderFillRect referenced in function "public: static void __cdecl Graphics::DrawRect(int,int,int,int,bool)" (?DrawRect@Graphics@@SAXHHHH_N@Z)
Graphics.obj : error LNK2019: unresolved external symbol SDL_RenderCopy referenced in function "public: static void __cdecl Graphics::DrawText(char const *,float,float,int,int)" (?DrawText@Graphics@@SAXPEBDMMHH@Z)
Graphics.obj : error LNK2019: unresolved external symbol SDL_RenderPresent referenced in function "public: static void __cdecl Graphics::EndRender(void)" (?EndRender@Graphics@@SAXXZ)
Graphics.obj : error LNK2019: unresolved external symbol SDL_DestroyTexture referenced in function "public: static void __cdecl Graphics::DrawText(char const *,float,float,int,int)" (?DrawText@Graphics@@SAXPEBDMMHH@Z)
Graphics.obj : error LNK2019: unresolved external symbol SDL_Delay referenced in function "public: static void __cdecl Graphics::EndRender(void)" (?EndRender@Graphics@@SAXXZ)
main.obj : error LNK2001: unresolved external symbol SDL_Delay
Graphics.obj : error LNK2019: unresolved external symbol TTF_Init referenced in function "public: static bool __cdecl Graphics::Init(void)" (?Init@Graphics@@SA_NXZ)
Graphics.obj : error LNK2019: unresolved external symbol TTF_OpenFont referenced in function "public: static void __cdecl Graphics::DrawText(char const *,float,float,int,int)" (?DrawText@Graphics@@SAXPEBDMMHH@Z)
Graphics.obj : error LNK2019: unresolved external symbol TTF_RenderText_Solid referenced in function "public: static void __cdecl Graphics::DrawText(char const *,float,float,int,int)" (?DrawText@Graphics@@SAXPEBDMMHH@Z)
Graphics.obj : error LNK2019: unresolved external symbol TTF_CloseFont referenced in function "public: static void __cdecl Graphics::DrawText(char const *,float,float,int,int)" (?DrawText@Graphics@@SAXPEBDMMHH@Z)
EventHandler.obj : error LNK2019: unresolved external symbol SDL_PollEvent referenced in function "public: static bool __cdecl EventHandler::Update(void)" (?Update@EventHandler@@SA_NXZ)
main.obj : error LNK2019: unresolved external symbol SDL_Quit referenced in function SDL_main
MSVCRTD.lib(exe_main.obj) : error LNK2019: unresolved external symbol main referenced in function "int __cdecl invoke_main(void)" (?invoke_main@@YAHXZ)
SDL2.lib : warning LNK4272: library machine type 'x86' conflicts with target machine type 'x64'
SDL2main.lib : warning LNK4272: library machine type 'x86' conflicts with target machine type 'x64'
C:\SPRING2023\NewAssessments\Project\x64\Debug\CONNECTIONS DAY.exe : fatal error LNK1120: 20 unresolved externals
